Start testing: Nov 09 23:09
----------------------------------------------------------
1/12 Testing: Test1
1/12 Test: Test1
Command: "C:/Users/magor/OneDrive/Documents/hse/Projects/Project 2/PathPlanningProject/Build/Release/Tests/testbench.exe" "../../../TestData/0_test.xml"
Directory: C:/Users/magor/OneDrive/Documents/hse/Projects/Project 2/PathPlanningProject/Build/Release/Tests
"Test1" start time: Nov 09 23:09
Output:
----------------------------------------------------------
tiny
Warning! Value of 'logpath' tag is missing!
Value of 'logpath' tag was defined to 'current directory'.
Warning! Value of 'logfilename' tag is missing.
Value of 'logfilename' tag was defined to default (original filename +'_log' + original file extension.
Incorrect path legth
<end of output>
Test time =   0.10 sec
----------------------------------------------------------
Test Failed.
"Test1" end time: Nov 09 23:09
"Test1" time elapsed: 00:00:00
----------------------------------------------------------

2/12 Testing: Test2
2/12 Test: Test2
Command: "C:/Users/magor/OneDrive/Documents/hse/Projects/Project 2/PathPlanningProject/Build/Release/Tests/testbench.exe" "../../../TestData/1_test.xml"
Directory: C:/Users/magor/OneDrive/Documents/hse/Projects/Project 2/PathPlanningProject/Build/Release/Tests
"Test2" start time: Nov 09 23:09
Output:
----------------------------------------------------------
tiny
Warning! Value of 'logpath' tag is missing!
Value of 'logpath' tag was defined to 'current directory'.
Warning! Value of 'logfilename' tag is missing.
Value of 'logfilename' tag was defined to default (original filename +'_log' + original file extension.
Incorrect path legth
<end of output>
Test time =   0.09 sec
----------------------------------------------------------
Test Failed.
"Test2" end time: Nov 09 23:09
"Test2" time elapsed: 00:00:00
----------------------------------------------------------

3/12 Testing: Test3
3/12 Test: Test3
Command: "C:/Users/magor/OneDrive/Documents/hse/Projects/Project 2/PathPlanningProject/Build/Release/Tests/testbench.exe" "../../../TestData/2_test.xml"
Directory: C:/Users/magor/OneDrive/Documents/hse/Projects/Project 2/PathPlanningProject/Build/Release/Tests
"Test3" start time: Nov 09 23:09
Output:
----------------------------------------------------------
Warning! Value of'metrictype' is not correctly specified.
Value of 'metrictype' was defined to 'euclidean'
tiny
Warning! Value of 'logpath' tag is missing!
Value of 'logpath' tag was defined to 'current directory'.
Warning! Value of 'logfilename' tag is missing.
Value of 'logfilename' tag was defined to default (original filename +'_log' + original file extension.
Incorrect path legth
<end of output>
Test time =   0.09 sec
----------------------------------------------------------
Test Failed.
"Test3" end time: Nov 09 23:09
"Test3" time elapsed: 00:00:00
----------------------------------------------------------

4/12 Testing: Test4
4/12 Test: Test4
Command: "C:/Users/magor/OneDrive/Documents/hse/Projects/Project 2/PathPlanningProject/Build/Release/Tests/testbench.exe" "../../../TestData/3_test.xml"
Directory: C:/Users/magor/OneDrive/Documents/hse/Projects/Project 2/PathPlanningProject/Build/Release/Tests
"Test4" start time: Nov 09 23:09
Output:
----------------------------------------------------------
Warning! Value of'metrictype' is not correctly specified.
Value of 'metrictype' was defined to 'euclidean'
tiny
Warning! Value of 'logpath' tag is missing!
Value of 'logpath' tag was defined to 'current directory'.
Warning! Value of 'logfilename' tag is missing.
Value of 'logfilename' tag was defined to default (original filename +'_log' + original file extension.
Incorrect path legth
<end of output>
Test time =   0.09 sec
----------------------------------------------------------
Test Failed.
"Test4" end time: Nov 09 23:09
"Test4" time elapsed: 00:00:00
----------------------------------------------------------

5/12 Testing: Test5
5/12 Test: Test5
Command: "C:/Users/magor/OneDrive/Documents/hse/Projects/Project 2/PathPlanningProject/Build/Release/Tests/testbench.exe" "../../../TestData/4_test.xml"
Directory: C:/Users/magor/OneDrive/Documents/hse/Projects/Project 2/PathPlanningProject/Build/Release/Tests
"Test5" start time: Nov 09 23:09
Output:
----------------------------------------------------------
Warning! Value of'metrictype' is not correctly specified.
Value of 'metrictype' was defined to 'euclidean'
tiny
Warning! Value of 'logpath' tag is missing!
Value of 'logpath' tag was defined to 'current directory'.
Warning! Value of 'logfilename' tag is missing.
Value of 'logfilename' tag was defined to default (original filename +'_log' + original file extension.
Incorrect path legth
<end of output>
Test time =   0.17 sec
----------------------------------------------------------
Test Failed.
"Test5" end time: Nov 09 23:09
"Test5" time elapsed: 00:00:00
----------------------------------------------------------

6/12 Testing: Test6
6/12 Test: Test6
Command: "C:/Users/magor/OneDrive/Documents/hse/Projects/Project 2/PathPlanningProject/Build/Release/Tests/testbench.exe" "../../../TestData/5_test.xml"
Directory: C:/Users/magor/OneDrive/Documents/hse/Projects/Project 2/PathPlanningProject/Build/Release/Tests
"Test6" start time: Nov 09 23:09
Output:
----------------------------------------------------------
Warning! Value of'metrictype' is not correctly specified.
Value of 'metrictype' was defined to 'euclidean'
tiny
Warning! Value of 'logpath' tag is missing!
Value of 'logpath' tag was defined to 'current directory'.
Warning! Value of 'logfilename' tag is missing.
Value of 'logfilename' tag was defined to default (original filename +'_log' + original file extension.
Incorrect path legth
<end of output>
Test time =   0.10 sec
----------------------------------------------------------
Test Failed.
"Test6" end time: Nov 09 23:09
"Test6" time elapsed: 00:00:00
----------------------------------------------------------

7/12 Testing: Test7
7/12 Test: Test7
Command: "C:/Users/magor/OneDrive/Documents/hse/Projects/Project 2/PathPlanningProject/Build/Release/Tests/testbench.exe" "../../../TestData/6_test.xml"
Directory: C:/Users/magor/OneDrive/Documents/hse/Projects/Project 2/PathPlanningProject/Build/Release/Tests
"Test7" start time: Nov 09 23:09
Output:
----------------------------------------------------------
Warning! Value of'metrictype' is not correctly specified.
Value of 'metrictype' was defined to 'euclidean'
tiny
Warning! Value of 'logpath' tag is missing!
Value of 'logpath' tag was defined to 'current directory'.
Warning! Value of 'logfilename' tag is missing.
Value of 'logfilename' tag was defined to default (original filename +'_log' + original file extension.
Incorrect path legth
<end of output>
Test time =   0.11 sec
----------------------------------------------------------
Test Failed.
"Test7" end time: Nov 09 23:09
"Test7" time elapsed: 00:00:00
----------------------------------------------------------

8/12 Testing: Test8
8/12 Test: Test8
Command: "C:/Users/magor/OneDrive/Documents/hse/Projects/Project 2/PathPlanningProject/Build/Release/Tests/testbench.exe" "../../../TestData/7_test.xml"
Directory: C:/Users/magor/OneDrive/Documents/hse/Projects/Project 2/PathPlanningProject/Build/Release/Tests
"Test8" start time: Nov 09 23:09
Output:
----------------------------------------------------------
Warning! Value of'metrictype' is not correctly specified.
Value of 'metrictype' was defined to 'euclidean'
tiny
Warning! Value of 'logpath' tag is missing!
Value of 'logpath' tag was defined to 'current directory'.
Warning! Value of 'logfilename' tag is missing.
Value of 'logfilename' tag was defined to default (original filename +'_log' + original file extension.
Incorrect path legth
<end of output>
Test time =   0.09 sec
----------------------------------------------------------
Test Failed.
"Test8" end time: Nov 09 23:09
"Test8" time elapsed: 00:00:00
----------------------------------------------------------

9/12 Testing: Test9
9/12 Test: Test9
Command: "C:/Users/magor/OneDrive/Documents/hse/Projects/Project 2/PathPlanningProject/Build/Release/Tests/testbench.exe" "../../../TestData/8_test.xml"
Directory: C:/Users/magor/OneDrive/Documents/hse/Projects/Project 2/PathPlanningProject/Build/Release/Tests
"Test9" start time: Nov 09 23:09
Output:
----------------------------------------------------------
Warning! Value of'metrictype' is not correctly specified.
Value of 'metrictype' was defined to 'euclidean'
tiny
Warning! Value of 'logpath' tag is missing!
Value of 'logpath' tag was defined to 'current directory'.
Warning! Value of 'logfilename' tag is missing.
Value of 'logfilename' tag was defined to default (original filename +'_log' + original file extension.
Incorrect path legth
<end of output>
Test time =   0.09 sec
----------------------------------------------------------
Test Failed.
"Test9" end time: Nov 09 23:09
"Test9" time elapsed: 00:00:00
----------------------------------------------------------

10/12 Testing: Test10
10/12 Test: Test10
Command: "C:/Users/magor/OneDrive/Documents/hse/Projects/Project 2/PathPlanningProject/Build/Release/Tests/testbench.exe" "../../../TestData/9_test.xml"
Directory: C:/Users/magor/OneDrive/Documents/hse/Projects/Project 2/PathPlanningProject/Build/Release/Tests
"Test10" start time: Nov 09 23:09
Output:
----------------------------------------------------------
Warning! Value of'metrictype' is not correctly specified.
Value of 'metrictype' was defined to 'euclidean'
tiny
Warning! Value of 'logpath' tag is missing!
Value of 'logpath' tag was defined to 'current directory'.
Warning! Value of 'logfilename' tag is missing.
Value of 'logfilename' tag was defined to default (original filename +'_log' + original file extension.
Incorrect path legth
<end of output>
Test time =   0.10 sec
----------------------------------------------------------
Test Failed.
"Test10" end time: Nov 09 23:09
"Test10" time elapsed: 00:00:00
----------------------------------------------------------

11/12 Testing: Test11
11/12 Test: Test11
Command: "C:/Users/magor/OneDrive/Documents/hse/Projects/Project 2/PathPlanningProject/Build/Release/Tests/testbench.exe" "../../../TestData/A_test.xml"
Directory: C:/Users/magor/OneDrive/Documents/hse/Projects/Project 2/PathPlanningProject/Build/Release/Tests
"Test11" start time: Nov 09 23:09
Output:
----------------------------------------------------------
tiny
Warning! Value of 'logpath' tag is missing!
Value of 'logpath' tag was defined to 'current directory'.
Warning! Value of 'logfilename' tag is missing.
Value of 'logfilename' tag was defined to default (original filename +'_log' + original file extension.
Incorrect path legth
<end of output>
Test time =   0.10 sec
----------------------------------------------------------
Test Failed.
"Test11" end time: Nov 09 23:09
"Test11" time elapsed: 00:00:00
----------------------------------------------------------

12/12 Testing: Test12
12/12 Test: Test12
Command: "C:/Users/magor/OneDrive/Documents/hse/Projects/Project 2/PathPlanningProject/Build/Release/Tests/testbench.exe" "../../../TestData/B_test.xml"
Directory: C:/Users/magor/OneDrive/Documents/hse/Projects/Project 2/PathPlanningProject/Build/Release/Tests
"Test12" start time: Nov 09 23:09
Output:
----------------------------------------------------------
tiny
Warning! Value of 'logpath' tag is missing!
Value of 'logpath' tag was defined to 'current directory'.
Warning! Value of 'logfilename' tag is missing.
Value of 'logfilename' tag was defined to default (original filename +'_log' + original file extension.
Incorrect path legth
<end of output>
Test time =   0.12 sec
----------------------------------------------------------
Test Failed.
"Test12" end time: Nov 09 23:09
"Test12" time elapsed: 00:00:00
----------------------------------------------------------

End testing: Nov 09 23:09
